current directory: /Users/trentgarner/projects/alpha-blog/vendor/bundle/ruby/2.5.0/gems/puma-4.3.3/ext/puma_http11
/Users/trentgarner/.rvm/rubies/ruby-2.5.8/bin/ruby -I /Users/trentgarner/.rvm/rubies/ruby-2.5.8/lib/ruby/site_ruby/2.5.0 -r ./siteconf20210309-31506-k993ck.rb extconf.rb
checking for BIO_read() in -lcrypto... yes
checking for SSL_CTX_new() in -lssl... yes
checking for openssl/bio.h... yes
checking for DTLS_method() in openssl/ssl.h... yes
checking for TLS_server_method() in openssl/ssl.h... yes
checking for SSL_CTX_set_min_proto_version in openssl/ssl.h... yes
creating Makefile

current directory: /Users/trentgarner/projects/alpha-blog/vendor/bundle/ruby/2.5.0/gems/puma-4.3.3/ext/puma_http11
make "DESTDIR=" clean

current directory: /Users/trentgarner/projects/alpha-blog/vendor/bundle/ruby/2.5.0/gems/puma-4.3.3/ext/puma_http11
make "DESTDIR="
compiling http11_parser.c
ext/puma_http11/http11_parser.c:44:18: warning: unused variable 'puma_parser_en_main' [-Wunused-const-variable]
static const int puma_parser_en_main = 1;
                 ^
1 warning generated.
compiling io_buffer.c
compiling mini_ssl.c
mini_ssl.c:145:7: warning: unused variable 'min' [-Wunused-variable]
  int min, ssl_options;
      ^
1 warning generated.
compiling puma_http11.c
puma_http11.c:203:22: error: implicitly declaring library function 'isspace' with type 'int (int)' [-Werror,-Wimplicit-function-declaration]
  while (vlen > 0 && isspace(value[vlen - 1])) vlen--;
                     ^
puma_http11.c:203:22: note: include the header <ctype.h> or explicitly provide a declaration for 'isspace'
1 error generated.
make: *** [puma_http11.o] Error 1

make failed, exit code 2
